** Drc report for FC.kicad_pcb **
** Created on 2026-01-19T07:07:18+0300 **

** Found 26 DRC violations **
[solder_mask_bridge]: Front solder mask aperture bridges items with different nets
    Rule: board setup solder mask min width; error
    @(168,9350 mm, 78,1850 mm): Pad 1 [3.3V_DİG] of U6 on F.Cu
    @(168,9350 mm, 78,6850 mm): Pad 2 [BMP388_SCK] of U6 on F.Cu
[solder_mask_bridge]: Front solder mask aperture bridges items with different nets
    Rule: board setup solder mask min width; error
    @(168,9350 mm, 78,1850 mm): Pad 1 [3.3V_DİG] of U6 on F.Cu
    @(169,2000 mm, 77,6700 mm): Pad 10 [3.3V_ANALOG] of U6 on F.Cu
[solder_mask_bridge]: Front solder mask aperture bridges items with different nets
    Rule: board setup solder mask min width; error
    @(168,9350 mm, 78,6850 mm): Pad 2 [BMP388_SCK] of U6 on F.Cu
    @(169,2000 mm, 79,2000 mm): Pad 3 [GND] of U6 on F.Cu
[solder_mask_bridge]: Front solder mask aperture bridges items with different nets
    Rule: board setup solder mask min width; error
    @(169,2000 mm, 79,2000 mm): Pad 3 [GND] of U6 on F.Cu
    @(169,7000 mm, 79,2000 mm): Pad 4 [BMP388_SDI] of U6 on F.Cu
[solder_mask_bridge]: Front solder mask aperture bridges items with different nets
    Rule: board setup solder mask min width; error
    @(169,7000 mm, 79,2000 mm): Pad 4 [BMP388_SDI] of U6 on F.Cu
    @(170,2000 mm, 79,2000 mm): Pad 5 [BMP388_SDO] of U6 on F.Cu
[solder_mask_bridge]: Front solder mask aperture bridges items with different nets
    Rule: board setup solder mask min width; error
    @(170,2000 mm, 79,2000 mm): Pad 5 [BMP388_SDO] of U6 on F.Cu
    @(170,4650 mm, 78,6850 mm): Pad 6 [BMP388_CSB] of U6 on F.Cu
[solder_mask_bridge]: Front solder mask aperture bridges items with different nets
    Rule: board setup solder mask min width; error
    @(170,4650 mm, 78,6850 mm): Pad 6 [BMP388_CSB] of U6 on F.Cu
    @(170,4650 mm, 78,1850 mm): Pad 7 [BMP388_INT] of U6 on F.Cu
[solder_mask_bridge]: Front solder mask aperture bridges items with different nets
    Rule: board setup solder mask min width; error
    @(170,4650 mm, 78,1850 mm): Pad 7 [BMP388_INT] of U6 on F.Cu
    @(170,2000 mm, 77,6700 mm): Pad 8 [GND] of U6 on F.Cu
[solder_mask_bridge]: Front solder mask aperture bridges items with different nets
    Rule: board setup solder mask min width; error
    @(169,7000 mm, 77,6700 mm): Pad 9 [GND] of U6 on F.Cu
    @(169,2000 mm, 77,6700 mm): Pad 10 [3.3V_ANALOG] of U6 on F.Cu
[lib_footprint_mismatch]: Footprint 'USB_C_Receptacle_GCT_USB4105-xx-A_16P_TopMnt_Horizontal' does not match copy in library 'Connector_USB'.
    Local override; warning
    @(186,2900 mm, 85,9000 mm): Footprint J7
[copper_edge_clearance]: Board edge clearance violation (board setup constraints edge clearance 0,5000 mm; actual 0,4250 mm)
    Rule: board setup constraints edge; error (excluded)
    @(187,0000 mm, 110,0000 mm): Segment on Edge.Cuts
    @(161,1000 mm, 108,6750 mm): Pad MP [<no net>] of J1 on F.Cu
[copper_edge_clearance]: Board edge clearance violation (board setup constraints edge clearance 0,5000 mm; actual 0,4250 mm)
    Rule: board setup constraints edge; error (excluded)
    @(187,0000 mm, 110,0000 mm): Segment on Edge.Cuts
    @(167,7000 mm, 108,6750 mm): Pad MP [<no net>] of J1 on F.Cu
[copper_edge_clearance]: Board edge clearance violation (board setup constraints edge clearance 0,5000 mm; actual 0,3886 mm)
    Rule: board setup constraints edge; error (excluded)
    @(153,0000 mm, 73,0000 mm): Arc on Edge.Cuts
    @(153,5455 mm, 73,5544 mm): PTH pad 1 [GND] of H1
[copper_edge_clearance]: Board edge clearance violation (board setup constraints edge clearance 0,5000 mm; actual 0,4135 mm)
    Rule: board setup constraints edge; error (excluded)
    @(187,0000 mm, 107,0000 mm): Arc on Edge.Cuts
    @(186,4326 mm, 106,4248 mm): PTH pad 1 [GND] of H3
[copper_edge_clearance]: Board edge clearance violation (board setup constraints edge clearance 0,5000 mm; actual 0,3952 mm)
    Rule: board setup constraints edge; error (excluded)
    @(187,0000 mm, 110,0000 mm): Segment on Edge.Cuts
    @(172,1106 mm, 108,7048 mm): Pad MP [<no net>] of J8 on F.Cu
[copper_edge_clearance]: Board edge clearance violation (board setup constraints edge clearance 0,5000 mm; actual 0,3952 mm)
    Rule: board setup constraints edge; error (excluded)
    @(187,0000 mm, 110,0000 mm): Segment on Edge.Cuts
    @(181,7106 mm, 108,7048 mm): Pad MP [<no net>] of J8 on F.Cu
[copper_edge_clearance]: Board edge clearance violation (board setup constraints edge clearance 0,5000 mm; actual 0,3697 mm)
    Rule: board setup constraints edge; error (excluded)
    @(150,0000 mm, 107,0000 mm): Segment on Edge.Cuts
    @(153,5697 mm, 106,4013 mm): PTH pad 1 [GND] of H4
[copper_edge_clearance]: Board edge clearance violation (board setup constraints edge clearance 0,5000 mm; actual 0,3217 mm)
    Rule: board setup constraints edge; error (excluded)
    @(190,0000 mm, 73,0000 mm): Segment on Edge.Cuts
    @(186,4783 mm, 73,5271 mm): PTH pad 1 [GND] of H2
[copper_edge_clearance]: Board edge clearance violation (board setup constraints edge clearance 0,5000 mm; actual 0,3344 mm)
    Rule: board setup constraints edge; error (excluded)
    @(153,0000 mm, 70,0000 mm): Segment on Edge.Cuts
    @(181,8834 mm, 71,2344 mm): Pad MP [<no net>] of J4 on F.Cu
[copper_edge_clearance]: Board edge clearance violation (board setup constraints edge clearance 0,5000 mm; actual 0,3344 mm)
    Rule: board setup constraints edge; error (excluded)
    @(153,0000 mm, 70,0000 mm): Segment on Edge.Cuts
    @(176,2834 mm, 71,2344 mm): Pad MP [<no net>] of J4 on F.Cu
[copper_edge_clearance]: Board edge clearance violation (board setup constraints edge clearance 0,5000 mm; actual 0,3250 mm)
    Rule: board setup constraints edge; error (excluded)
    @(150,0000 mm, 107,0000 mm): Segment on Edge.Cuts
    @(151,2250 mm, 78,5000 mm): Pad MP [<no net>] of J5 on F.Cu
[copper_edge_clearance]: Board edge clearance violation (board setup constraints edge clearance 0,5000 mm; actual 0,3250 mm)
    Rule: board setup constraints edge; error (excluded)
    @(150,0000 mm, 107,0000 mm): Segment on Edge.Cuts
    @(151,2250 mm, 84,1000 mm): Pad MP [<no net>] of J5 on F.Cu
[copper_edge_clearance]: Board edge clearance violation (board setup constraints edge clearance 0,5000 mm; actual 0,3428 mm)
    Rule: board setup constraints edge; error (excluded)
    @(153,0000 mm, 70,0000 mm): Segment on Edge.Cuts
    @(173,9335 mm, 71,2428 mm): Pad MP [<no net>] of J2 on F.Cu
[copper_edge_clearance]: Board edge clearance violation (board setup constraints edge clearance 0,5000 mm; actual 0,3428 mm)
    Rule: board setup constraints edge; error (excluded)
    @(153,0000 mm, 70,0000 mm): Segment on Edge.Cuts
    @(168,3335 mm, 71,2428 mm): Pad MP [<no net>] of J2 on F.Cu
[copper_edge_clearance]: Board edge clearance violation (board setup constraints edge clearance 0,5000 mm; actual 0,3540 mm)
    Rule: board setup constraints edge; error (excluded)
    @(190,0000 mm, 73,0000 mm): Segment on Edge.Cuts
    @(188,7460 mm, 100,4836 mm): Pad MP [<no net>] of J9 on F.Cu
[copper_edge_clearance]: Board edge clearance violation (board setup constraints edge clearance 0,5000 mm; actual 0,3540 mm)
    Rule: board setup constraints edge; error (excluded)
    @(190,0000 mm, 73,0000 mm): Segment on Edge.Cuts
    @(188,7460 mm, 92,8836 mm): Pad MP [<no net>] of J9 on F.Cu

** Found 0 unconnected pads **

** Found 0 Footprint errors **

** End of Report **
